<?xml version="1.0" encoding="UTF-8"?>
<!-- Generated by org.testng.reporters.JUnitReportReporter -->
<testsuite hostname="DESKTOP-TGEBJ9N" failures="0" tests="3" name="com.test.TestClass" time="16.443" errors="0" timestamp="2023-10-03T22:06:24 IST" skipped="0">
  <testcase classname="com.test.TestClass" name="test3" time="5.575"/>
  <system-out/>
  <testcase classname="com.test.TestClass" name="test1" time="3.956"/>
  <system-out/>
  <testcase classname="com.test.TestClass" name="test2" time="6.912"/>
  <system-out/>
</testsuite> <!-- com.test.TestClass -->
